make --dry-run --always-make --keep-going --print-directory
make: Entering directory `/Users/ivan.pazanin/Projects/personal/espresso-backend'
/Library/Developer/CommandLineTools/usr/bin/make -pRrq -f Makefile : 2>/dev/null | \
	awk -v RS= -F: '/^# File/,/^# Finished Make data base/ \
	{if ($1 !~ "^[#.]") {print $1}}' | sort | egrep -v -e '^[^[:alnum:]]' -e '^list$'
 
build
build-frontend
clean
compose-dashboard
compose-database
compose-local
compose-local-rabbitmq
compose-rabbitmq
compose-webapi
consolidate
coverage
create-coverage-report
database-update-espresso-database
database-update-identity-database
docker-build
docker-build-dashboard
docker-build-webapi
format
format-fix
health-check
health-check-backend
health-check-frontend
infer-csharp
install
lint
migration-add-espresso-database
migration-add-identity-database
migration-remove-espresso-database
migration-remove-identity-database
publish
rebuild
rebuild-backend
rebuild-frontend
restore
start-dashboard
start-webapi
test
test-coverage
test-frontend
update
watch-dashboard
watch-webapi
 
make: Leaving directory `/Users/ivan.pazanin/Projects/personal/espresso-backend'
 
